
        <html><head><meta charset="UTF-8"><title>Evaluator Report</title>
        <style>
            body { font-family: Arial, sans-serif; margin: 20px; }
            select, button { padding: 6px; font-size: 15px; margin-right: 10px; }
            table { border-collapse: collapse; width: 100%; margin-top: 10px; }
            th, td { border: 1px solid #ccc; padding: 6px; text-align: left; }
            th { background: #f2f2f2; }
            tr:nth-child(even) { background: #fafafa; }
            .student-block { margin-top: 40px; border: 1px solid #ddd; padding: 15px; border-radius: 6px; }
            .question-header { font-weight: bold; margin-top: 15px; font-size: 1.05em; color: #333; }
            .description { color: #555; margin-bottom: 10px; font-style: italic; }
            .passed { background-color: #e6ffe6; }
            .failed { background-color: #ffe6e6; }
            .summary { margin-top: 5px; font-weight: bold; color: #333; }
            .hidden { display: none; }

            #summaryModal {
                display: none;
                position: fixed;
                top: 10%;
                left: 50%;
                transform: translateX(-50%);
                width: 70%;
                max-height: 70vh;  /* fixed height */
                overflow-y: auto;  /* enable scrolling */
                background: white;
                border: 2px solid #555;
                border-radius: 8px;
                padding: 20px;
                box-shadow: 0 4px 20px rgba(0,0,0,0.3);
                z-index: 1000;
            }
            #summaryModal::-webkit-scrollbar {
                width: 10px;
            }
            #summaryModal::-webkit-scrollbar-thumb {
                background-color: #ccc;
                border-radius: 10px;
            }
            #summaryModal::-webkit-scrollbar-thumb:hover {
                background-color: #999;
            }
            #overlay {
                display: none;
                position: fixed;
                top: 0; left: 0; width: 100%; height: 100%;
                background: rgba(0,0,0,0.5);
                z-index: 999;
            }
            .close-btn {
                float: right;
                cursor: pointer;
                color: red;
                font-weight: bold;
            }
        </style>
        <script>
            function filterReports() {
                const studentVal = document.getElementById("studentSelect").value;
                const questionVal = document.getElementById("questionSelect").value;
                document.querySelectorAll(".student-block").forEach(div => {
                    const showStudent = (studentVal === "" || div.id === studentVal);
                    div.style.display = showStudent ? "block" : "none";
                    if (showStudent) {
                        div.querySelectorAll(".question-block").forEach(qb => {
                            qb.style.display = (questionVal === "" || qb.dataset.qname === questionVal) ? "block" : "none";
                        });
                    }
                });
            }
            function sortStudents() {
                const sortType = document.getElementById("sortSelect").value;
                const container = document.getElementById("reportContainer");
                const blocks = Array.from(container.getElementsByClassName("student-block"));
                blocks.sort((a, b) => {
                    const scoreA = parseFloat(a.dataset.total);
                    const scoreB = parseFloat(b.dataset.total);
                    const nameA = a.dataset.name.toLowerCase();
                    const nameB = b.dataset.name.toLowerCase();
                    const rollA = a.dataset.roll.toLowerCase();
                    const rollB = b.dataset.roll.toLowerCase();
                    switch(sortType) {
                        case "marks": return scoreB - scoreA;
                        case "name": return nameA.localeCompare(nameB);
                        case "roll": return rollA.localeCompare(rollB);
                        case "default": return nameA === "student name" ? 1 : -1;
                    }
                });
                blocks.forEach(b => container.appendChild(b));
            }
            function showSummary() {
                document.getElementById("overlay").style.display = "block";
                document.getElementById("summaryModal").style.display = "block";
            }
            function closeSummary() {
                document.getElementById("overlay").style.display = "none";
                document.getElementById("summaryModal").style.display = "none";
            }
        </script>
        </head><body>
        <h2>Evaluator Report</h2>

        <label for="sortSelect">Sort By:</label>
        <select id="sortSelect" onchange="sortStudents()">
            <option value="marks">Total Marks (High → Low)</option>
            <option value="name">Student Name (A–Z)</option>
            <option value="roll">Roll Number (A–Z)</option>
            <option value="default">Default (Student Name Last)</option>
        </select>

        <button onclick="showSummary()">Show Summary</button>

        <label for="studentSelect">Student:</label>
        <select id="studentSelect" onchange="filterReports()">
            <option value="">-- All Students --</option>
        <option value='Perfection_007'>Perfection (007)</option><option value='perfect_but_zero_000_7_0000'>perfect but zero (000 7 0000)</option><option value='Zero_guy_0000'>Zero guy (0000)</option><option value='student_name_student_roll_number'>student name (student roll number)</option></select><hr><div id='reportContainer'><div class="student-block" id="Perfection_007" data-name="Perfection" data-roll="007" data-total="29"><h3>Perfection — 007</h3><p><strong>File:</strong> submissions/sample_solutions.ipynb</p><p class='summary'>Total: 29/29 (100.0%)</p><div class="question-block" data-qname="question_eight"><div class="question-header">Question: question_eight</div><div class="description">Split a sentence into words (split on whitespace).</div><table><thead><tr><th>Assertion</th><th>Status</th><th>Score</th><th>Error</th></tr></thead><tbody><tr class='passed'><td>assert question_eight(&quot;hello world&quot;) == [&quot;hello&quot;,&quot;world&quot;]</td><td>passed</td><td>1</td><td></td></tr><tr class='passed'><td>assert question_eight(&quot;&quot;) == []</td><td>passed</td><td>1</td><td></td></tr></tbody></table></div><div class="question-block" data-qname="question_eighteen"><div class="question-header">Question: question_eighteen</div><div class="description">Return concatenated DataFrame with reset index.</div><table><thead><tr><th>Assertion</th><th>Status</th><th>Score</th><th>Error</th></tr></thead><tbody><tr class='passed'><td>assert len(out)==2 and list(out[&#x27;x&#x27;])==[1,2]</td><td>passed</td><td>1</td><td></td></tr></tbody></table></div><div class="question-block" data-qname="question_eleven"><div class="question-header">Question: question_eleven</div><div class="description">Return intersection of two lists as a set.</div><table><thead><tr><th>Assertion</th><th>Status</th><th>Score</th><th>Error</th></tr></thead><tbody><tr class='passed'><td>assert question_eleven([1,2,3],[2,3,4]) == {2,3}</td><td>passed</td><td>1</td><td></td></tr></tbody></table></div><div class="question-block" data-qname="question_fifteen"><div class="question-header">Question: question_fifteen</div><div class="description">Given a list, return a pandas Series of value_counts sorted by index.</div><table><thead><tr><th>Assertion</th><th>Status</th><th>Score</th><th>Error</th></tr></thead><tbody><tr class='passed'><td>assert isinstance(s, pd.Series)</td><td>passed</td><td>1</td><td></td></tr><tr class='passed'><td>assert s.loc[&#x27;a&#x27;] == 2 and s.loc[&#x27;b&#x27;] == 1</td><td>passed</td><td>1</td><td></td></tr></tbody></table></div><div class="question-block" data-qname="question_five"><div class="question-header">Question: question_five</div><div class="description">Invert a dict mapping k-&gt;v into v-&gt;list_of_k.</div><table><thead><tr><th>Assertion</th><th>Status</th><th>Score</th><th>Error</th></tr></thead><tbody><tr class='passed'><td>assert question_five({&#x27;a&#x27;:1,&#x27;b&#x27;:2,&#x27;c&#x27;:1}) == {1:[&#x27;a&#x27;,&#x27;c&#x27;],2:[&#x27;b&#x27;]}</td><td>passed</td><td>1</td><td></td></tr></tbody></table></div><div class="question-block" data-qname="question_four"><div class="question-header">Question: question_four</div><div class="description">Flatten a list containing lists by one level.</div><table><thead><tr><th>Assertion</th><th>Status</th><th>Score</th><th>Error</th></tr></thead><tbody><tr class='passed'><td>assert question_four([[1,2],[3,4]]) == [1,2,3,4]</td><td>passed</td><td>1</td><td></td></tr><tr class='passed'><td>assert question_four([]) == []</td><td>passed</td><td>1</td><td></td></tr></tbody></table></div><div class="question-block" data-qname="question_fourteen"><div class="question-header">Question: question_fourteen</div><div class="description">Return only even numbers in original order.</div><table><thead><tr><th>Assertion</th><th>Status</th><th>Score</th><th>Error</th></tr></thead><tbody><tr class='passed'><td>assert question_fourteen([1,2,3,4]) == [2,4]</td><td>passed</td><td>1</td><td></td></tr></tbody></table></div><div class="question-block" data-qname="question_nine"><div class="question-header">Question: question_nine</div><div class="description">Join a list of words with given separator.</div><table><thead><tr><th>Assertion</th><th>Status</th><th>Score</th><th>Error</th></tr></thead><tbody><tr class='passed'><td>assert question_nine([&quot;a&quot;,&quot;b&quot;],&quot;-&quot;) == &quot;a-b&quot;</td><td>passed</td><td>1</td><td></td></tr><tr class='passed'><td>assert question_nine([]) == &quot;&quot;</td><td>passed</td><td>1</td><td></td></tr></tbody></table></div><div class="question-block" data-qname="question_nineteen"><div class="question-header">Question: question_nineteen</div><div class="description">Group by &#x27;key&#x27; and sum numeric column &#x27;val&#x27;. Return DataFrame sorted by key.</div><table><thead><tr><th>Assertion</th><th>Status</th><th>Score</th><th>Error</th></tr></thead><tbody><tr class='passed'><td>assert list(out[&#x27;val&#x27;])==[4,2] and list(out[&#x27;key&#x27;])==[&#x27;a&#x27;,&#x27;b&#x27;]</td><td>passed</td><td>1</td><td></td></tr></tbody></table></div><div class="question-block" data-qname="question_one"><div class="question-header">Question: question_one</div><div class="description">Return the sum of unique elements in a list (each element counted once).</div><table><thead><tr><th>Assertion</th><th>Status</th><th>Score</th><th>Error</th></tr></thead><tbody><tr class='passed'><td>assert question_one([1,2,2,3]) == 6</td><td>passed</td><td>1</td><td></td></tr><tr class='passed'><td>assert question_one([]) == 0</td><td>passed</td><td>1</td><td></td></tr></tbody></table></div><div class="question-block" data-qname="question_seventeen"><div class="question-header">Question: question_seventeen</div><div class="description">Perform inner merge on &#x27;id&#x27; and return merged DataFrame.</div><table><thead><tr><th>Assertion</th><th>Status</th><th>Score</th><th>Error</th></tr></thead><tbody><tr class='passed'><td>assert list(out[&#x27;id&#x27;]) == [2]</td><td>passed</td><td>1</td><td></td></tr><tr class='passed'><td>assert out.iloc[0][&#x27;x&#x27;] == 20 and out.iloc[0][&#x27;y&#x27;] == 200</td><td>passed</td><td>1</td><td></td></tr></tbody></table></div><div class="question-block" data-qname="question_six"><div class="question-header">Question: question_six</div><div class="description">Given two dicts with numeric values, return merged dict summing values for same keys.</div><table><thead><tr><th>Assertion</th><th>Status</th><th>Score</th><th>Error</th></tr></thead><tbody><tr class='passed'><td>assert question_six({&#x27;x&#x27;:1,&#x27;y&#x27;:2},{&#x27;y&#x27;:3,&#x27;z&#x27;:4}) == {&#x27;x&#x27;:1,&#x27;y&#x27;:5,&#x27;z&#x27;:4}</td><td>passed</td><td>1</td><td></td></tr></tbody></table></div><div class="question-block" data-qname="question_sixteen"><div class="question-header">Question: question_sixteen</div><div class="description">Given DataFrame with column &#x27;name&#x27; = &#x27;First Last&#x27;, split into &#x27;first&#x27; and &#x27;last&#x27; columns.</div><table><thead><tr><th>Assertion</th><th>Status</th><th>Score</th><th>Error</th></tr></thead><tbody><tr class='passed'><td>assert list(out[&#x27;first&#x27;]) == [&#x27;John&#x27;,&#x27;Alice&#x27;]</td><td>passed</td><td>1</td><td></td></tr><tr class='passed'><td>assert list(out[&#x27;last&#x27;]) == [&#x27;Doe&#x27;,&#x27;Smith&#x27;]</td><td>passed</td><td>1</td><td></td></tr></tbody></table></div><div class="question-block" data-qname="question_ten"><div class="question-header">Question: question_ten</div><div class="description">Return length of the longest word in sentence.</div><table><thead><tr><th>Assertion</th><th>Status</th><th>Score</th><th>Error</th></tr></thead><tbody><tr class='passed'><td>assert question_ten(&quot;I love python&quot;) == 6</td><td>passed</td><td>1</td><td></td></tr><tr class='passed'><td>assert question_ten(&quot;&quot;) == 0</td><td>passed</td><td>1</td><td></td></tr></tbody></table></div><div class="question-block" data-qname="question_thirteen"><div class="question-header">Question: question_thirteen</div><div class="description">Return list of squares.</div><table><thead><tr><th>Assertion</th><th>Status</th><th>Score</th><th>Error</th></tr></thead><tbody><tr class='passed'><td>assert question_thirteen([1,2,3]) == [1,4,9]</td><td>passed</td><td>1</td><td></td></tr></tbody></table></div><div class="question-block" data-qname="question_three"><div class="question-header">Question: question_three</div><div class="description">Return a dict mapping element -&gt; count.</div><table><thead><tr><th>Assertion</th><th>Status</th><th>Score</th><th>Error</th></tr></thead><tbody><tr class='passed'><td>assert question_three([1,2,2,3]) == {1:1,2:2,3:1}</td><td>passed</td><td>1</td><td></td></tr><tr class='passed'><td>assert question_three([]) == {}</td><td>passed</td><td>1</td><td></td></tr></tbody></table></div><div class="question-block" data-qname="question_twelve"><div class="question-header">Question: question_twelve</div><div class="description">Remove duplicates preserving the first occurrence order.</div><table><thead><tr><th>Assertion</th><th>Status</th><th>Score</th><th>Error</th></tr></thead><tbody><tr class='passed'><td>assert question_twelve([1,2,2,3,1]) == [1,2,3]</td><td>passed</td><td>1</td><td></td></tr></tbody></table></div><div class="question-block" data-qname="question_twenty"><div class="question-header">Question: question_twenty</div><div class="description">Fill NA in numeric column &#x27;num&#x27; with given fill_value and return DataFrame.</div><table><thead><tr><th>Assertion</th><th>Status</th><th>Score</th><th>Error</th></tr></thead><tbody><tr class='passed'><td>assert list(out[&#x27;num&#x27;])==[1,9,3]</td><td>passed</td><td>1</td><td></td></tr></tbody></table></div><div class="question-block" data-qname="question_two"><div class="question-header">Question: question_two</div><div class="description">Return a new list that is the reverse of input list.</div><table><thead><tr><th>Assertion</th><th>Status</th><th>Score</th><th>Error</th></tr></thead><tbody><tr class='passed'><td>assert question_two([1,2,3]) == [3,2,1]</td><td>passed</td><td>1</td><td></td></tr><tr class='passed'><td>assert question_two([]) == []</td><td>passed</td><td>1</td><td></td></tr></tbody></table></div></div><div class="student-block" id="Zero_guy_0000" data-name="Zero guy" data-roll="0000" data-total="0"><h3>Zero guy — 0000</h3><p><strong>File:</strong> submissions/student_answer_sheet.ipynb</p><p class='summary'>Total: 0/30 (0.0%)</p><div class="question-block" data-qname="question_eight"><div class="question-header">Question: question_eight</div><div class="description">Split a sentence into words (split on whitespace).</div><table><thead><tr><th>Assertion</th><th>Status</th><th>Score</th><th>Error</th></tr></thead><tbody><tr class='failed'><td>assert question_eight(&quot;hello world&quot;) == [&quot;hello&quot;,&quot;world&quot;]</td><td>failed</td><td>0</td><td>Traceback (most recent call last):
  File &quot;/Volumes/MacSSD/Areas/Github_Repositories/evaluator/.venv/lib/python3.13/site-packages/instantgrade/comparison/comparison_service.py&quot;, line 57, in run_assertions
    exec(code, student_namespace)
    ~~~~^^^^^^^^^^^^^^^^^^^^^^^^^
  File &quot;&lt;string&gt;&quot;, line 1, in &lt;module&gt;
AssertionError
</td></tr><tr class='failed'><td>assert question_eight(&quot;&quot;) == []</td><td>failed</td><td>0</td><td>Traceback (most recent call last):
  File &quot;/Volumes/MacSSD/Areas/Github_Repositories/evaluator/.venv/lib/python3.13/site-packages/instantgrade/comparison/comparison_service.py&quot;, line 57, in run_assertions
    exec(code, student_namespace)
    ~~~~^^^^^^^^^^^^^^^^^^^^^^^^^
  File &quot;&lt;string&gt;&quot;, line 1, in &lt;module&gt;
AssertionError
</td></tr></tbody></table></div><div class="question-block" data-qname="question_eighteen"><div class="question-header">Question: question_eighteen</div><div class="description">Return concatenated DataFrame with reset index.</div><table><thead><tr><th>Assertion</th><th>Status</th><th>Score</th><th>Error</th></tr></thead><tbody><tr class='failed'><td>assert len(out)==2 and list(out[&#x27;x&#x27;])==[1,2]</td><td>failed</td><td>0</td><td>Traceback (most recent call last):
  File &quot;/Volumes/MacSSD/Areas/Github_Repositories/evaluator/.venv/lib/python3.13/site-packages/instantgrade/comparison/comparison_service.py&quot;, line 57, in run_assertions
    exec(code, student_namespace)
    ~~~~^^^^^^^^^^^^^^^^^^^^^^^^^
  File &quot;&lt;string&gt;&quot;, line 1, in &lt;module&gt;
TypeError: object of type &#x27;NoneType&#x27; has no len()
</td></tr></tbody></table></div><div class="question-block" data-qname="question_eleven"><div class="question-header">Question: question_eleven</div><div class="description">Return intersection of two lists as a set.</div><table><thead><tr><th>Assertion</th><th>Status</th><th>Score</th><th>Error</th></tr></thead><tbody><tr class='failed'><td>assert question_eleven([1,2,3],[2,3,4]) == {2,3}</td><td>failed</td><td>0</td><td>Traceback (most recent call last):
  File &quot;/Volumes/MacSSD/Areas/Github_Repositories/evaluator/.venv/lib/python3.13/site-packages/instantgrade/comparison/comparison_service.py&quot;, line 57, in run_assertions
    exec(code, student_namespace)
    ~~~~^^^^^^^^^^^^^^^^^^^^^^^^^
  File &quot;&lt;string&gt;&quot;, line 1, in &lt;module&gt;
AssertionError
</td></tr></tbody></table></div><div class="question-block" data-qname="question_fifteen"><div class="question-header">Question: question_fifteen</div><div class="description">Given a list, return a pandas Series of value_counts sorted by index.</div><table><thead><tr><th>Assertion</th><th>Status</th><th>Score</th><th>Error</th></tr></thead><tbody><tr class='failed'><td>assert isinstance(s, pd.Series)</td><td>failed</td><td>0</td><td>Traceback (most recent call last):
  File &quot;/Volumes/MacSSD/Areas/Github_Repositories/evaluator/.venv/lib/python3.13/site-packages/instantgrade/comparison/comparison_service.py&quot;, line 57, in run_assertions
    exec(code, student_namespace)
    ~~~~^^^^^^^^^^^^^^^^^^^^^^^^^
  File &quot;&lt;string&gt;&quot;, line 1, in &lt;module&gt;
AssertionError
</td></tr><tr class='failed'><td>assert s.loc[&#x27;a&#x27;] == 2 and s.loc[&#x27;b&#x27;] == 1</td><td>failed</td><td>0</td><td>Traceback (most recent call last):
  File &quot;/Volumes/MacSSD/Areas/Github_Repositories/evaluator/.venv/lib/python3.13/site-packages/instantgrade/comparison/comparison_service.py&quot;, line 57, in run_assertions
    exec(code, student_namespace)
    ~~~~^^^^^^^^^^^^^^^^^^^^^^^^^
  File &quot;&lt;string&gt;&quot;, line 1, in &lt;module&gt;
AttributeError: &#x27;NoneType&#x27; object has no attribute &#x27;loc&#x27;
</td></tr></tbody></table></div><div class="question-block" data-qname="question_five"><div class="question-header">Question: question_five</div><div class="description">Invert a dict mapping k-&gt;v into v-&gt;list_of_k.</div><table><thead><tr><th>Assertion</th><th>Status</th><th>Score</th><th>Error</th></tr></thead><tbody><tr class='failed'><td>assert question_five({&#x27;a&#x27;:1,&#x27;b&#x27;:2,&#x27;c&#x27;:1}) == {1:[&#x27;a&#x27;,&#x27;c&#x27;],2:[&#x27;b&#x27;]}</td><td>failed</td><td>0</td><td>Traceback (most recent call last):
  File &quot;/Volumes/MacSSD/Areas/Github_Repositories/evaluator/.venv/lib/python3.13/site-packages/instantgrade/comparison/comparison_service.py&quot;, line 57, in run_assertions
    exec(code, student_namespace)
    ~~~~^^^^^^^^^^^^^^^^^^^^^^^^^
  File &quot;&lt;string&gt;&quot;, line 1, in &lt;module&gt;
AssertionError
</td></tr></tbody></table></div><div class="question-block" data-qname="question_four"><div class="question-header">Question: question_four</div><div class="description">Flatten a list containing lists by one level.</div><table><thead><tr><th>Assertion</th><th>Status</th><th>Score</th><th>Error</th></tr></thead><tbody><tr class='failed'><td>assert question_four([[1,2],[3,4]]) == [1,2,3,4]</td><td>failed</td><td>0</td><td>Traceback (most recent call last):
  File &quot;/Volumes/MacSSD/Areas/Github_Repositories/evaluator/.venv/lib/python3.13/site-packages/instantgrade/comparison/comparison_service.py&quot;, line 57, in run_assertions
    exec(code, student_namespace)
    ~~~~^^^^^^^^^^^^^^^^^^^^^^^^^
  File &quot;&lt;string&gt;&quot;, line 1, in &lt;module&gt;
AssertionError
</td></tr><tr class='failed'><td>assert question_four([]) == []</td><td>failed</td><td>0</td><td>Traceback (most recent call last):
  File &quot;/Volumes/MacSSD/Areas/Github_Repositories/evaluator/.venv/lib/python3.13/site-packages/instantgrade/comparison/comparison_service.py&quot;, line 57, in run_assertions
    exec(code, student_namespace)
    ~~~~^^^^^^^^^^^^^^^^^^^^^^^^^
  File &quot;&lt;string&gt;&quot;, line 1, in &lt;module&gt;
AssertionError
</td></tr></tbody></table></div><div class="question-block" data-qname="question_fourteen"><div class="question-header">Question: question_fourteen</div><div class="description">Return only even numbers in original order.</div><table><thead><tr><th>Assertion</th><th>Status</th><th>Score</th><th>Error</th></tr></thead><tbody><tr class='failed'><td>assert question_fourteen([1,2,3,4]) == [2,4]</td><td>failed</td><td>0</td><td>Traceback (most recent call last):
  File &quot;/Volumes/MacSSD/Areas/Github_Repositories/evaluator/.venv/lib/python3.13/site-packages/instantgrade/comparison/comparison_service.py&quot;, line 57, in run_assertions
    exec(code, student_namespace)
    ~~~~^^^^^^^^^^^^^^^^^^^^^^^^^
  File &quot;&lt;string&gt;&quot;, line 1, in &lt;module&gt;
AssertionError
</td></tr></tbody></table></div><div class="question-block" data-qname="question_nine"><div class="question-header">Question: question_nine</div><div class="description">Join a list of words with given separator.</div><table><thead><tr><th>Assertion</th><th>Status</th><th>Score</th><th>Error</th></tr></thead><tbody><tr class='failed'><td>assert question_nine([&quot;a&quot;,&quot;b&quot;],&quot;-&quot;) == &quot;a-b&quot;</td><td>failed</td><td>0</td><td>Traceback (most recent call last):
  File &quot;/Volumes/MacSSD/Areas/Github_Repositories/evaluator/.venv/lib/python3.13/site-packages/instantgrade/comparison/comparison_service.py&quot;, line 57, in run_assertions
    exec(code, student_namespace)
    ~~~~^^^^^^^^^^^^^^^^^^^^^^^^^
  File &quot;&lt;string&gt;&quot;, line 1, in &lt;module&gt;
AssertionError
</td></tr><tr class='failed'><td>assert question_nine([]) == &quot;&quot;</td><td>failed</td><td>0</td><td>Traceback (most recent call last):
  File &quot;/Volumes/MacSSD/Areas/Github_Repositories/evaluator/.venv/lib/python3.13/site-packages/instantgrade/comparison/comparison_service.py&quot;, line 57, in run_assertions
    exec(code, student_namespace)
    ~~~~^^^^^^^^^^^^^^^^^^^^^^^^^
  File &quot;&lt;string&gt;&quot;, line 1, in &lt;module&gt;
AssertionError
</td></tr></tbody></table></div><div class="question-block" data-qname="question_nineteen"><div class="question-header">Question: question_nineteen</div><div class="description">Group by &#x27;key&#x27; and sum numeric column &#x27;val&#x27;. Return DataFrame sorted by key.</div><table><thead><tr><th>Assertion</th><th>Status</th><th>Score</th><th>Error</th></tr></thead><tbody><tr class='failed'><td>assert list(out[&#x27;val&#x27;])==[4,2] and list(out[&#x27;key&#x27;])==[&#x27;a&#x27;,&#x27;b&#x27;]</td><td>failed</td><td>0</td><td>Traceback (most recent call last):
  File &quot;/Volumes/MacSSD/Areas/Github_Repositories/evaluator/.venv/lib/python3.13/site-packages/instantgrade/comparison/comparison_service.py&quot;, line 57, in run_assertions
    exec(code, student_namespace)
    ~~~~^^^^^^^^^^^^^^^^^^^^^^^^^
  File &quot;&lt;string&gt;&quot;, line 1, in &lt;module&gt;
TypeError: &#x27;NoneType&#x27; object is not subscriptable
</td></tr></tbody></table></div><div class="question-block" data-qname="question_one"><div class="question-header">Question: question_one</div><div class="description">Return the sum of unique elements in a list (each element counted once).</div><table><thead><tr><th>Assertion</th><th>Status</th><th>Score</th><th>Error</th></tr></thead><tbody><tr class='failed'><td>assert question_one([1,2,2,3]) == 6</td><td>failed</td><td>0</td><td>Traceback (most recent call last):
  File &quot;/Volumes/MacSSD/Areas/Github_Repositories/evaluator/.venv/lib/python3.13/site-packages/instantgrade/comparison/comparison_service.py&quot;, line 57, in run_assertions
    exec(code, student_namespace)
    ~~~~^^^^^^^^^^^^^^^^^^^^^^^^^
  File &quot;&lt;string&gt;&quot;, line 1, in &lt;module&gt;
AssertionError
</td></tr><tr class='failed'><td>assert question_one([]) == 0</td><td>failed</td><td>0</td><td>Traceback (most recent call last):
  File &quot;/Volumes/MacSSD/Areas/Github_Repositories/evaluator/.venv/lib/python3.13/site-packages/instantgrade/comparison/comparison_service.py&quot;, line 57, in run_assertions
    exec(code, student_namespace)
    ~~~~^^^^^^^^^^^^^^^^^^^^^^^^^
  File &quot;&lt;string&gt;&quot;, line 1, in &lt;module&gt;
AssertionError
</td></tr></tbody></table></div><div class="question-block" data-qname="question_seven"><div class="question-header">Question: question_seven</div><div class="description">Return top k frequent elements (order not important).</div><table><thead><tr><th>Assertion</th><th>Status</th><th>Score</th><th>Error</th></tr></thead><tbody><tr class='failed'><td>[context setup]</td><td>failed</td><td>0</td><td>Traceback (most recent call last):
  File &quot;/Volumes/MacSSD/Areas/Github_Repositories/evaluator/.venv/lib/python3.13/site-packages/instantgrade/comparison/comparison_service.py&quot;, line 39, in run_assertions
    exec(context_code, student_namespace)
    ~~~~^^^^^^^^^^^^^^^^^^^^^^^^^^^^^^^^^
  File &quot;&lt;string&gt;&quot;, line 1, in &lt;module&gt;
TypeError: &#x27;NoneType&#x27; object is not iterable
</td></tr></tbody></table></div><div class="question-block" data-qname="question_seventeen"><div class="question-header">Question: question_seventeen</div><div class="description">Perform inner merge on &#x27;id&#x27; and return merged DataFrame.</div><table><thead><tr><th>Assertion</th><th>Status</th><th>Score</th><th>Error</th></tr></thead><tbody><tr class='failed'><td>assert list(out[&#x27;id&#x27;]) == [2]</td><td>failed</td><td>0</td><td>Traceback (most recent call last):
  File &quot;/Volumes/MacSSD/Areas/Github_Repositories/evaluator/.venv/lib/python3.13/site-packages/instantgrade/comparison/comparison_service.py&quot;, line 57, in run_assertions
    exec(code, student_namespace)
    ~~~~^^^^^^^^^^^^^^^^^^^^^^^^^
  File &quot;&lt;string&gt;&quot;, line 1, in &lt;module&gt;
TypeError: &#x27;NoneType&#x27; object is not subscriptable
</td></tr><tr class='failed'><td>assert out.iloc[0][&#x27;x&#x27;] == 20 and out.iloc[0][&#x27;y&#x27;] == 200</td><td>failed</td><td>0</td><td>Traceback (most recent call last):
  File &quot;/Volumes/MacSSD/Areas/Github_Repositories/evaluator/.venv/lib/python3.13/site-packages/instantgrade/comparison/comparison_service.py&quot;, line 57, in run_assertions
    exec(code, student_namespace)
    ~~~~^^^^^^^^^^^^^^^^^^^^^^^^^
  File &quot;&lt;string&gt;&quot;, line 1, in &lt;module&gt;
AttributeError: &#x27;NoneType&#x27; object has no attribute &#x27;iloc&#x27;
</td></tr></tbody></table></div><div class="question-block" data-qname="question_six"><div class="question-header">Question: question_six</div><div class="description">Given two dicts with numeric values, return merged dict summing values for same keys.</div><table><thead><tr><th>Assertion</th><th>Status</th><th>Score</th><th>Error</th></tr></thead><tbody><tr class='failed'><td>assert question_six({&#x27;x&#x27;:1,&#x27;y&#x27;:2},{&#x27;y&#x27;:3,&#x27;z&#x27;:4}) == {&#x27;x&#x27;:1,&#x27;y&#x27;:5,&#x27;z&#x27;:4}</td><td>failed</td><td>0</td><td>Traceback (most recent call last):
  File &quot;/Volumes/MacSSD/Areas/Github_Repositories/evaluator/.venv/lib/python3.13/site-packages/instantgrade/comparison/comparison_service.py&quot;, line 57, in run_assertions
    exec(code, student_namespace)
    ~~~~^^^^^^^^^^^^^^^^^^^^^^^^^
  File &quot;&lt;string&gt;&quot;, line 1, in &lt;module&gt;
AssertionError
</td></tr></tbody></table></div><div class="question-block" data-qname="question_sixteen"><div class="question-header">Question: question_sixteen</div><div class="description">Given DataFrame with column &#x27;name&#x27; = &#x27;First Last&#x27;, split into &#x27;first&#x27; and &#x27;last&#x27; columns.</div><table><thead><tr><th>Assertion</th><th>Status</th><th>Score</th><th>Error</th></tr></thead><tbody><tr class='failed'><td>assert list(out[&#x27;first&#x27;]) == [&#x27;John&#x27;,&#x27;Alice&#x27;]</td><td>failed</td><td>0</td><td>Traceback (most recent call last):
  File &quot;/Volumes/MacSSD/Areas/Github_Repositories/evaluator/.venv/lib/python3.13/site-packages/instantgrade/comparison/comparison_service.py&quot;, line 57, in run_assertions
    exec(code, student_namespace)
    ~~~~^^^^^^^^^^^^^^^^^^^^^^^^^
  File &quot;&lt;string&gt;&quot;, line 1, in &lt;module&gt;
TypeError: &#x27;NoneType&#x27; object is not subscriptable
</td></tr><tr class='failed'><td>assert list(out[&#x27;last&#x27;]) == [&#x27;Doe&#x27;,&#x27;Smith&#x27;]</td><td>failed</td><td>0</td><td>Traceback (most recent call last):
  File &quot;/Volumes/MacSSD/Areas/Github_Repositories/evaluator/.venv/lib/python3.13/site-packages/instantgrade/comparison/comparison_service.py&quot;, line 57, in run_assertions
    exec(code, student_namespace)
    ~~~~^^^^^^^^^^^^^^^^^^^^^^^^^
  File &quot;&lt;string&gt;&quot;, line 1, in &lt;module&gt;
TypeError: &#x27;NoneType&#x27; object is not subscriptable
</td></tr></tbody></table></div><div class="question-block" data-qname="question_ten"><div class="question-header">Question: question_ten</div><div class="description">Return length of the longest word in sentence.</div><table><thead><tr><th>Assertion</th><th>Status</th><th>Score</th><th>Error</th></tr></thead><tbody><tr class='failed'><td>assert question_ten(&quot;I love python&quot;) == 6</td><td>failed</td><td>0</td><td>Traceback (most recent call last):
  File &quot;/Volumes/MacSSD/Areas/Github_Repositories/evaluator/.venv/lib/python3.13/site-packages/instantgrade/comparison/comparison_service.py&quot;, line 57, in run_assertions
    exec(code, student_namespace)
    ~~~~^^^^^^^^^^^^^^^^^^^^^^^^^
  File &quot;&lt;string&gt;&quot;, line 1, in &lt;module&gt;
AssertionError
</td></tr><tr class='failed'><td>assert question_ten(&quot;&quot;) == 0</td><td>failed</td><td>0</td><td>Traceback (most recent call last):
  File &quot;/Volumes/MacSSD/Areas/Github_Repositories/evaluator/.venv/lib/python3.13/site-packages/instantgrade/comparison/comparison_service.py&quot;, line 57, in run_assertions
    exec(code, student_namespace)
    ~~~~^^^^^^^^^^^^^^^^^^^^^^^^^
  File &quot;&lt;string&gt;&quot;, line 1, in &lt;module&gt;
AssertionError
</td></tr></tbody></table></div><div class="question-block" data-qname="question_thirteen"><div class="question-header">Question: question_thirteen</div><div class="description">Return list of squares.</div><table><thead><tr><th>Assertion</th><th>Status</th><th>Score</th><th>Error</th></tr></thead><tbody><tr class='failed'><td>assert question_thirteen([1,2,3]) == [1,4,9]</td><td>failed</td><td>0</td><td>Traceback (most recent call last):
  File &quot;/Volumes/MacSSD/Areas/Github_Repositories/evaluator/.venv/lib/python3.13/site-packages/instantgrade/comparison/comparison_service.py&quot;, line 57, in run_assertions
    exec(code, student_namespace)
    ~~~~^^^^^^^^^^^^^^^^^^^^^^^^^
  File &quot;&lt;string&gt;&quot;, line 1, in &lt;module&gt;
AssertionError
</td></tr></tbody></table></div><div class="question-block" data-qname="question_three"><div class="question-header">Question: question_three</div><div class="description">Return a dict mapping element -&gt; count.</div><table><thead><tr><th>Assertion</th><th>Status</th><th>Score</th><th>Error</th></tr></thead><tbody><tr class='failed'><td>assert question_three([1,2,2,3]) == {1:1,2:2,3:1}</td><td>failed</td><td>0</td><td>Traceback (most recent call last):
  File &quot;/Volumes/MacSSD/Areas/Github_Repositories/evaluator/.venv/lib/python3.13/site-packages/instantgrade/comparison/comparison_service.py&quot;, line 57, in run_assertions
    exec(code, student_namespace)
    ~~~~^^^^^^^^^^^^^^^^^^^^^^^^^
  File &quot;&lt;string&gt;&quot;, line 1, in &lt;module&gt;
AssertionError
</td></tr><tr class='failed'><td>assert question_three([]) == {}</td><td>failed</td><td>0</td><td>Traceback (most recent call last):
  File &quot;/Volumes/MacSSD/Areas/Github_Repositories/evaluator/.venv/lib/python3.13/site-packages/instantgrade/comparison/comparison_service.py&quot;, line 57, in run_assertions
    exec(code, student_namespace)
    ~~~~^^^^^^^^^^^^^^^^^^^^^^^^^
  File &quot;&lt;string&gt;&quot;, line 1, in &lt;module&gt;
AssertionError
</td></tr></tbody></table></div><div class="question-block" data-qname="question_twelve"><div class="question-header">Question: question_twelve</div><div class="description">Remove duplicates preserving the first occurrence order.</div><table><thead><tr><th>Assertion</th><th>Status</th><th>Score</th><th>Error</th></tr></thead><tbody><tr class='failed'><td>assert question_twelve([1,2,2,3,1]) == [1,2,3]</td><td>failed</td><td>0</td><td>Traceback (most recent call last):
  File &quot;/Volumes/MacSSD/Areas/Github_Repositories/evaluator/.venv/lib/python3.13/site-packages/instantgrade/comparison/comparison_service.py&quot;, line 57, in run_assertions
    exec(code, student_namespace)
    ~~~~^^^^^^^^^^^^^^^^^^^^^^^^^
  File &quot;&lt;string&gt;&quot;, line 1, in &lt;module&gt;
AssertionError
</td></tr></tbody></table></div><div class="question-block" data-qname="question_twenty"><div class="question-header">Question: question_twenty</div><div class="description">Fill NA in numeric column &#x27;num&#x27; with given fill_value and return DataFrame.</div><table><thead><tr><th>Assertion</th><th>Status</th><th>Score</th><th>Error</th></tr></thead><tbody><tr class='failed'><td>assert list(out[&#x27;num&#x27;])==[1,9,3]</td><td>failed</td><td>0</td><td>Traceback (most recent call last):
  File &quot;/Volumes/MacSSD/Areas/Github_Repositories/evaluator/.venv/lib/python3.13/site-packages/instantgrade/comparison/comparison_service.py&quot;, line 57, in run_assertions
    exec(code, student_namespace)
    ~~~~^^^^^^^^^^^^^^^^^^^^^^^^^
  File &quot;&lt;string&gt;&quot;, line 1, in &lt;module&gt;
TypeError: &#x27;NoneType&#x27; object is not subscriptable
</td></tr></tbody></table></div><div class="question-block" data-qname="question_two"><div class="question-header">Question: question_two</div><div class="description">Return a new list that is the reverse of input list.</div><table><thead><tr><th>Assertion</th><th>Status</th><th>Score</th><th>Error</th></tr></thead><tbody><tr class='failed'><td>assert question_two([1,2,3]) == [3,2,1]</td><td>failed</td><td>0</td><td>Traceback (most recent call last):
  File &quot;/Volumes/MacSSD/Areas/Github_Repositories/evaluator/.venv/lib/python3.13/site-packages/instantgrade/comparison/comparison_service.py&quot;, line 57, in run_assertions
    exec(code, student_namespace)
    ~~~~^^^^^^^^^^^^^^^^^^^^^^^^^
  File &quot;&lt;string&gt;&quot;, line 1, in &lt;module&gt;
AssertionError
</td></tr><tr class='failed'><td>assert question_two([]) == []</td><td>failed</td><td>0</td><td>Traceback (most recent call last):
  File &quot;/Volumes/MacSSD/Areas/Github_Repositories/evaluator/.venv/lib/python3.13/site-packages/instantgrade/comparison/comparison_service.py&quot;, line 57, in run_assertions
    exec(code, student_namespace)
    ~~~~^^^^^^^^^^^^^^^^^^^^^^^^^
  File &quot;&lt;string&gt;&quot;, line 1, in &lt;module&gt;
AssertionError
</td></tr></tbody></table></div></div><div class="student-block" id="perfect_but_zero_000_7_0000" data-name="perfect but zero" data-roll="000 7 0000" data-total="5"><h3>perfect but zero — 000 7 0000</h3><p><strong>File:</strong> submissions/student_assignment_partial_incorrect.ipynb</p><p class='summary'>Total: 5/27 (18.52%)</p><div class="question-block" data-qname="question_eight"><div class="question-header">Question: question_eight</div><div class="description">Split a sentence into words (split on whitespace).</div><table><thead><tr><th>Assertion</th><th>Status</th><th>Score</th><th>Error</th></tr></thead><tbody><tr class='failed'><td>assert question_eight(&quot;hello world&quot;) == [&quot;hello&quot;,&quot;world&quot;]</td><td>failed</td><td>0</td><td>Traceback (most recent call last):
  File &quot;/Volumes/MacSSD/Areas/Github_Repositories/evaluator/.venv/lib/python3.13/site-packages/instantgrade/comparison/comparison_service.py&quot;, line 57, in run_assertions
    exec(code, student_namespace)
    ~~~~^^^^^^^^^^^^^^^^^^^^^^^^^
  File &quot;&lt;string&gt;&quot;, line 1, in &lt;module&gt;
NameError: name &#x27;question_eight&#x27; is not defined. Did you mean: &#x27;question_five&#x27;?
</td></tr><tr class='failed'><td>assert question_eight(&quot;&quot;) == []</td><td>failed</td><td>0</td><td>Traceback (most recent call last):
  File &quot;/Volumes/MacSSD/Areas/Github_Repositories/evaluator/.venv/lib/python3.13/site-packages/instantgrade/comparison/comparison_service.py&quot;, line 57, in run_assertions
    exec(code, student_namespace)
    ~~~~^^^^^^^^^^^^^^^^^^^^^^^^^
  File &quot;&lt;string&gt;&quot;, line 1, in &lt;module&gt;
NameError: name &#x27;question_eight&#x27; is not defined. Did you mean: &#x27;question_five&#x27;?
</td></tr></tbody></table></div><div class="question-block" data-qname="question_eighteen"><div class="question-header">Question: question_eighteen</div><div class="description">Return concatenated DataFrame with reset index.</div><table><thead><tr><th>Assertion</th><th>Status</th><th>Score</th><th>Error</th></tr></thead><tbody><tr class='failed'><td>[context setup]</td><td>failed</td><td>0</td><td>Traceback (most recent call last):
  File &quot;/Volumes/MacSSD/Areas/Github_Repositories/evaluator/.venv/lib/python3.13/site-packages/instantgrade/comparison/comparison_service.py&quot;, line 39, in run_assertions
    exec(context_code, student_namespace)
    ~~~~^^^^^^^^^^^^^^^^^^^^^^^^^^^^^^^^^
  File &quot;&lt;string&gt;&quot;, line 4, in &lt;module&gt;
NameError: name &#x27;question_eighteen&#x27; is not defined. Did you mean: &#x27;question_three&#x27;?
</td></tr></tbody></table></div><div class="question-block" data-qname="question_eleven"><div class="question-header">Question: question_eleven</div><div class="description">Return intersection of two lists as a set.</div><table><thead><tr><th>Assertion</th><th>Status</th><th>Score</th><th>Error</th></tr></thead><tbody><tr class='failed'><td>assert question_eleven([1,2,3],[2,3,4]) == {2,3}</td><td>failed</td><td>0</td><td>Traceback (most recent call last):
  File &quot;/Volumes/MacSSD/Areas/Github_Repositories/evaluator/.venv/lib/python3.13/site-packages/instantgrade/comparison/comparison_service.py&quot;, line 57, in run_assertions
    exec(code, student_namespace)
    ~~~~^^^^^^^^^^^^^^^^^^^^^^^^^
  File &quot;&lt;string&gt;&quot;, line 1, in &lt;module&gt;
NameError: name &#x27;question_eleven&#x27; is not defined. Did you mean: &#x27;question_five&#x27;?
</td></tr></tbody></table></div><div class="question-block" data-qname="question_fifteen"><div class="question-header">Question: question_fifteen</div><div class="description">Given a list, return a pandas Series of value_counts sorted by index.</div><table><thead><tr><th>Assertion</th><th>Status</th><th>Score</th><th>Error</th></tr></thead><tbody><tr class='failed'><td>[context setup]</td><td>failed</td><td>0</td><td>Traceback (most recent call last):
  File &quot;/Volumes/MacSSD/Areas/Github_Repositories/evaluator/.venv/lib/python3.13/site-packages/instantgrade/comparison/comparison_service.py&quot;, line 39, in run_assertions
    exec(context_code, student_namespace)
    ~~~~^^^^^^^^^^^^^^^^^^^^^^^^^^^^^^^^^
  File &quot;&lt;string&gt;&quot;, line 2, in &lt;module&gt;
NameError: name &#x27;question_fifteen&#x27; is not defined. Did you mean: &#x27;question_five&#x27;?
</td></tr></tbody></table></div><div class="question-block" data-qname="question_five"><div class="question-header">Question: question_five</div><div class="description">Invert a dict mapping k-&gt;v into v-&gt;list_of_k.</div><table><thead><tr><th>Assertion</th><th>Status</th><th>Score</th><th>Error</th></tr></thead><tbody><tr class='passed'><td>assert question_five({&#x27;a&#x27;:1,&#x27;b&#x27;:2,&#x27;c&#x27;:1}) == {1:[&#x27;a&#x27;,&#x27;c&#x27;],2:[&#x27;b&#x27;]}</td><td>passed</td><td>1</td><td></td></tr></tbody></table></div><div class="question-block" data-qname="question_four"><div class="question-header">Question: question_four</div><div class="description">Flatten a list containing lists by one level.</div><table><thead><tr><th>Assertion</th><th>Status</th><th>Score</th><th>Error</th></tr></thead><tbody><tr class='failed'><td>assert question_four([[1,2],[3,4]]) == [1,2,3,4]</td><td>failed</td><td>0</td><td>Traceback (most recent call last):
  File &quot;/Volumes/MacSSD/Areas/Github_Repositories/evaluator/.venv/lib/python3.13/site-packages/instantgrade/comparison/comparison_service.py&quot;, line 57, in run_assertions
    exec(code, student_namespace)
    ~~~~^^^^^^^^^^^^^^^^^^^^^^^^^
  File &quot;&lt;string&gt;&quot;, line 1, in &lt;module&gt;
AssertionError
</td></tr><tr class='passed'><td>assert question_four([]) == []</td><td>passed</td><td>1</td><td></td></tr></tbody></table></div><div class="question-block" data-qname="question_fourteen"><div class="question-header">Question: question_fourteen</div><div class="description">Return only even numbers in original order.</div><table><thead><tr><th>Assertion</th><th>Status</th><th>Score</th><th>Error</th></tr></thead><tbody><tr class='failed'><td>assert question_fourteen([1,2,3,4]) == [2,4]</td><td>failed</td><td>0</td><td>Traceback (most recent call last):
  File &quot;/Volumes/MacSSD/Areas/Github_Repositories/evaluator/.venv/lib/python3.13/site-packages/instantgrade/comparison/comparison_service.py&quot;, line 57, in run_assertions
    exec(code, student_namespace)
    ~~~~^^^^^^^^^^^^^^^^^^^^^^^^^
  File &quot;&lt;string&gt;&quot;, line 1, in &lt;module&gt;
NameError: name &#x27;question_fourteen&#x27; is not defined. Did you mean: &#x27;question_four&#x27;?
</td></tr></tbody></table></div><div class="question-block" data-qname="question_nine"><div class="question-header">Question: question_nine</div><div class="description">Join a list of words with given separator.</div><table><thead><tr><th>Assertion</th><th>Status</th><th>Score</th><th>Error</th></tr></thead><tbody><tr class='failed'><td>assert question_nine([&quot;a&quot;,&quot;b&quot;],&quot;-&quot;) == &quot;a-b&quot;</td><td>failed</td><td>0</td><td>Traceback (most recent call last):
  File &quot;/Volumes/MacSSD/Areas/Github_Repositories/evaluator/.venv/lib/python3.13/site-packages/instantgrade/comparison/comparison_service.py&quot;, line 57, in run_assertions
    exec(code, student_namespace)
    ~~~~^^^^^^^^^^^^^^^^^^^^^^^^^
  File &quot;&lt;string&gt;&quot;, line 1, in &lt;module&gt;
NameError: name &#x27;question_nine&#x27; is not defined. Did you mean: &#x27;question_one&#x27;?
</td></tr><tr class='failed'><td>assert question_nine([]) == &quot;&quot;</td><td>failed</td><td>0</td><td>Traceback (most recent call last):
  File &quot;/Volumes/MacSSD/Areas/Github_Repositories/evaluator/.venv/lib/python3.13/site-packages/instantgrade/comparison/comparison_service.py&quot;, line 57, in run_assertions
    exec(code, student_namespace)
    ~~~~^^^^^^^^^^^^^^^^^^^^^^^^^
  File &quot;&lt;string&gt;&quot;, line 1, in &lt;module&gt;
NameError: name &#x27;question_nine&#x27; is not defined. Did you mean: &#x27;question_one&#x27;?
</td></tr></tbody></table></div><div class="question-block" data-qname="question_nineteen"><div class="question-header">Question: question_nineteen</div><div class="description">Group by &#x27;key&#x27; and sum numeric column &#x27;val&#x27;. Return DataFrame sorted by key.</div><table><thead><tr><th>Assertion</th><th>Status</th><th>Score</th><th>Error</th></tr></thead><tbody><tr class='failed'><td>[context setup]</td><td>failed</td><td>0</td><td>Traceback (most recent call last):
  File &quot;/Volumes/MacSSD/Areas/Github_Repositories/evaluator/.venv/lib/python3.13/site-packages/instantgrade/comparison/comparison_service.py&quot;, line 39, in run_assertions
    exec(context_code, student_namespace)
    ~~~~^^^^^^^^^^^^^^^^^^^^^^^^^^^^^^^^^
  File &quot;&lt;string&gt;&quot;, line 3, in &lt;module&gt;
NameError: name &#x27;question_nineteen&#x27; is not defined
</td></tr></tbody></table></div><div class="question-block" data-qname="question_one"><div class="question-header">Question: question_one</div><div class="description">Return the sum of unique elements in a list (each element counted once).</div><table><thead><tr><th>Assertion</th><th>Status</th><th>Score</th><th>Error</th></tr></thead><tbody><tr class='failed'><td>assert question_one([1,2,2,3]) == 6</td><td>failed</td><td>0</td><td>Traceback (most recent call last):
  File &quot;/Volumes/MacSSD/Areas/Github_Repositories/evaluator/.venv/lib/python3.13/site-packages/instantgrade/comparison/comparison_service.py&quot;, line 57, in run_assertions
    exec(code, student_namespace)
    ~~~~^^^^^^^^^^^^^^^^^^^^^^^^^
  File &quot;&lt;string&gt;&quot;, line 1, in &lt;module&gt;
AssertionError
</td></tr><tr class='passed'><td>assert question_one([]) == 0</td><td>passed</td><td>1</td><td></td></tr></tbody></table></div><div class="question-block" data-qname="question_seven"><div class="question-header">Question: question_seven</div><div class="description">Return top k frequent elements (order not important).</div><table><thead><tr><th>Assertion</th><th>Status</th><th>Score</th><th>Error</th></tr></thead><tbody><tr class='failed'><td>[context setup]</td><td>failed</td><td>0</td><td>Traceback (most recent call last):
  File &quot;/Volumes/MacSSD/Areas/Github_Repositories/evaluator/.venv/lib/python3.13/site-packages/instantgrade/comparison/comparison_service.py&quot;, line 39, in run_assertions
    exec(context_code, student_namespace)
    ~~~~^^^^^^^^^^^^^^^^^^^^^^^^^^^^^^^^^
  File &quot;&lt;string&gt;&quot;, line 1, in &lt;module&gt;
NameError: name &#x27;question_seven&#x27; is not defined. Did you mean: &#x27;question_five&#x27;?
</td></tr></tbody></table></div><div class="question-block" data-qname="question_seventeen"><div class="question-header">Question: question_seventeen</div><div class="description">Perform inner merge on &#x27;id&#x27; and return merged DataFrame.</div><table><thead><tr><th>Assertion</th><th>Status</th><th>Score</th><th>Error</th></tr></thead><tbody><tr class='failed'><td>[context setup]</td><td>failed</td><td>0</td><td>Traceback (most recent call last):
  File &quot;/Volumes/MacSSD/Areas/Github_Repositories/evaluator/.venv/lib/python3.13/site-packages/instantgrade/comparison/comparison_service.py&quot;, line 39, in run_assertions
    exec(context_code, student_namespace)
    ~~~~^^^^^^^^^^^^^^^^^^^^^^^^^^^^^^^^^
  File &quot;&lt;string&gt;&quot;, line 4, in &lt;module&gt;
NameError: name &#x27;question_seventeen&#x27; is not defined
</td></tr></tbody></table></div><div class="question-block" data-qname="question_six"><div class="question-header">Question: question_six</div><div class="description">Given two dicts with numeric values, return merged dict summing values for same keys.</div><table><thead><tr><th>Assertion</th><th>Status</th><th>Score</th><th>Error</th></tr></thead><tbody><tr class='failed'><td>assert question_six({&#x27;x&#x27;:1,&#x27;y&#x27;:2},{&#x27;y&#x27;:3,&#x27;z&#x27;:4}) == {&#x27;x&#x27;:1,&#x27;y&#x27;:5,&#x27;z&#x27;:4}</td><td>failed</td><td>0</td><td>Traceback (most recent call last):
  File &quot;/Volumes/MacSSD/Areas/Github_Repositories/evaluator/.venv/lib/python3.13/site-packages/instantgrade/comparison/comparison_service.py&quot;, line 57, in run_assertions
    exec(code, student_namespace)
    ~~~~^^^^^^^^^^^^^^^^^^^^^^^^^
  File &quot;&lt;string&gt;&quot;, line 1, in &lt;module&gt;
NameError: name &#x27;question_six&#x27; is not defined. Did you mean: &#x27;question_one&#x27;?
</td></tr></tbody></table></div><div class="question-block" data-qname="question_sixteen"><div class="question-header">Question: question_sixteen</div><div class="description">Given DataFrame with column &#x27;name&#x27; = &#x27;First Last&#x27;, split into &#x27;first&#x27; and &#x27;last&#x27; columns.</div><table><thead><tr><th>Assertion</th><th>Status</th><th>Score</th><th>Error</th></tr></thead><tbody><tr class='failed'><td>[context setup]</td><td>failed</td><td>0</td><td>Traceback (most recent call last):
  File &quot;/Volumes/MacSSD/Areas/Github_Repositories/evaluator/.venv/lib/python3.13/site-packages/instantgrade/comparison/comparison_service.py&quot;, line 39, in run_assertions
    exec(context_code, student_namespace)
    ~~~~^^^^^^^^^^^^^^^^^^^^^^^^^^^^^^^^^
  File &quot;&lt;string&gt;&quot;, line 3, in &lt;module&gt;
NameError: name &#x27;question_sixteen&#x27; is not defined. Did you mean: &#x27;question_three&#x27;?
</td></tr></tbody></table></div><div class="question-block" data-qname="question_ten"><div class="question-header">Question: question_ten</div><div class="description">Return length of the longest word in sentence.</div><table><thead><tr><th>Assertion</th><th>Status</th><th>Score</th><th>Error</th></tr></thead><tbody><tr class='failed'><td>assert question_ten(&quot;I love python&quot;) == 6</td><td>failed</td><td>0</td><td>Traceback (most recent call last):
  File &quot;/Volumes/MacSSD/Areas/Github_Repositories/evaluator/.venv/lib/python3.13/site-packages/instantgrade/comparison/comparison_service.py&quot;, line 57, in run_assertions
    exec(code, student_namespace)
    ~~~~^^^^^^^^^^^^^^^^^^^^^^^^^
  File &quot;&lt;string&gt;&quot;, line 1, in &lt;module&gt;
NameError: name &#x27;question_ten&#x27; is not defined. Did you mean: &#x27;question_two&#x27;?
</td></tr><tr class='failed'><td>assert question_ten(&quot;&quot;) == 0</td><td>failed</td><td>0</td><td>Traceback (most recent call last):
  File &quot;/Volumes/MacSSD/Areas/Github_Repositories/evaluator/.venv/lib/python3.13/site-packages/instantgrade/comparison/comparison_service.py&quot;, line 57, in run_assertions
    exec(code, student_namespace)
    ~~~~^^^^^^^^^^^^^^^^^^^^^^^^^
  File &quot;&lt;string&gt;&quot;, line 1, in &lt;module&gt;
NameError: name &#x27;question_ten&#x27; is not defined. Did you mean: &#x27;question_two&#x27;?
</td></tr></tbody></table></div><div class="question-block" data-qname="question_thirteen"><div class="question-header">Question: question_thirteen</div><div class="description">Return list of squares.</div><table><thead><tr><th>Assertion</th><th>Status</th><th>Score</th><th>Error</th></tr></thead><tbody><tr class='failed'><td>assert question_thirteen([1,2,3]) == [1,4,9]</td><td>failed</td><td>0</td><td>Traceback (most recent call last):
  File &quot;/Volumes/MacSSD/Areas/Github_Repositories/evaluator/.venv/lib/python3.13/site-packages/instantgrade/comparison/comparison_service.py&quot;, line 57, in run_assertions
    exec(code, student_namespace)
    ~~~~^^^^^^^^^^^^^^^^^^^^^^^^^
  File &quot;&lt;string&gt;&quot;, line 1, in &lt;module&gt;
NameError: name &#x27;question_thirteen&#x27; is not defined. Did you mean: &#x27;question_three&#x27;?
</td></tr></tbody></table></div><div class="question-block" data-qname="question_three"><div class="question-header">Question: question_three</div><div class="description">Return a dict mapping element -&gt; count.</div><table><thead><tr><th>Assertion</th><th>Status</th><th>Score</th><th>Error</th></tr></thead><tbody><tr class='failed'><td>assert question_three([1,2,2,3]) == {1:1,2:2,3:1}</td><td>failed</td><td>0</td><td>Traceback (most recent call last):
  File &quot;/Volumes/MacSSD/Areas/Github_Repositories/evaluator/.venv/lib/python3.13/site-packages/instantgrade/comparison/comparison_service.py&quot;, line 57, in run_assertions
    exec(code, student_namespace)
    ~~~~^^^^^^^^^^^^^^^^^^^^^^^^^
  File &quot;&lt;string&gt;&quot;, line 1, in &lt;module&gt;
AssertionError
</td></tr><tr class='passed'><td>assert question_three([]) == {}</td><td>passed</td><td>1</td><td></td></tr></tbody></table></div><div class="question-block" data-qname="question_twelve"><div class="question-header">Question: question_twelve</div><div class="description">Remove duplicates preserving the first occurrence order.</div><table><thead><tr><th>Assertion</th><th>Status</th><th>Score</th><th>Error</th></tr></thead><tbody><tr class='failed'><td>assert question_twelve([1,2,2,3,1]) == [1,2,3]</td><td>failed</td><td>0</td><td>Traceback (most recent call last):
  File &quot;/Volumes/MacSSD/Areas/Github_Repositories/evaluator/.venv/lib/python3.13/site-packages/instantgrade/comparison/comparison_service.py&quot;, line 57, in run_assertions
    exec(code, student_namespace)
    ~~~~^^^^^^^^^^^^^^^^^^^^^^^^^
  File &quot;&lt;string&gt;&quot;, line 1, in &lt;module&gt;
NameError: name &#x27;question_twelve&#x27; is not defined. Did you mean: &#x27;question_two&#x27;?
</td></tr></tbody></table></div><div class="question-block" data-qname="question_twenty"><div class="question-header">Question: question_twenty</div><div class="description">Fill NA in numeric column &#x27;num&#x27; with given fill_value and return DataFrame.</div><table><thead><tr><th>Assertion</th><th>Status</th><th>Score</th><th>Error</th></tr></thead><tbody><tr class='failed'><td>[context setup]</td><td>failed</td><td>0</td><td>Traceback (most recent call last):
  File &quot;/Volumes/MacSSD/Areas/Github_Repositories/evaluator/.venv/lib/python3.13/site-packages/instantgrade/comparison/comparison_service.py&quot;, line 39, in run_assertions
    exec(context_code, student_namespace)
    ~~~~^^^^^^^^^^^^^^^^^^^^^^^^^^^^^^^^^
  File &quot;&lt;string&gt;&quot;, line 3, in &lt;module&gt;
NameError: name &#x27;question_twenty&#x27; is not defined. Did you mean: &#x27;question_two&#x27;?
</td></tr></tbody></table></div><div class="question-block" data-qname="question_two"><div class="question-header">Question: question_two</div><div class="description">Return a new list that is the reverse of input list.</div><table><thead><tr><th>Assertion</th><th>Status</th><th>Score</th><th>Error</th></tr></thead><tbody><tr class='failed'><td>assert question_two([1,2,3]) == [3,2,1]</td><td>failed</td><td>0</td><td>Traceback (most recent call last):
  File &quot;/Volumes/MacSSD/Areas/Github_Repositories/evaluator/.venv/lib/python3.13/site-packages/instantgrade/comparison/comparison_service.py&quot;, line 57, in run_assertions
    exec(code, student_namespace)
    ~~~~^^^^^^^^^^^^^^^^^^^^^^^^^
  File &quot;&lt;string&gt;&quot;, line 1, in &lt;module&gt;
AssertionError
</td></tr><tr class='passed'><td>assert question_two([]) == []</td><td>passed</td><td>1</td><td></td></tr></tbody></table></div></div><div class="student-block" id="student_name_student_roll_number" data-name="student name" data-roll="student roll number" data-total="0"><h3>student name — student roll number</h3><p><strong>File:</strong> submissions/student_notebook.ipynb</p><p class='summary'>Total: 0/30 (0.0%)</p><div class="question-block" data-qname="question_eight"><div class="question-header">Question: question_eight</div><div class="description">Split a sentence into words (split on whitespace).</div><table><thead><tr><th>Assertion</th><th>Status</th><th>Score</th><th>Error</th></tr></thead><tbody><tr class='failed'><td>assert question_eight(&quot;hello world&quot;) == [&quot;hello&quot;,&quot;world&quot;]</td><td>failed</td><td>0</td><td>Traceback (most recent call last):
  File &quot;/Volumes/MacSSD/Areas/Github_Repositories/evaluator/.venv/lib/python3.13/site-packages/instantgrade/comparison/comparison_service.py&quot;, line 57, in run_assertions
    exec(code, student_namespace)
    ~~~~^^^^^^^^^^^^^^^^^^^^^^^^^
  File &quot;&lt;string&gt;&quot;, line 1, in &lt;module&gt;
AssertionError
</td></tr><tr class='failed'><td>assert question_eight(&quot;&quot;) == []</td><td>failed</td><td>0</td><td>Traceback (most recent call last):
  File &quot;/Volumes/MacSSD/Areas/Github_Repositories/evaluator/.venv/lib/python3.13/site-packages/instantgrade/comparison/comparison_service.py&quot;, line 57, in run_assertions
    exec(code, student_namespace)
    ~~~~^^^^^^^^^^^^^^^^^^^^^^^^^
  File &quot;&lt;string&gt;&quot;, line 1, in &lt;module&gt;
AssertionError
</td></tr></tbody></table></div><div class="question-block" data-qname="question_eighteen"><div class="question-header">Question: question_eighteen</div><div class="description">Return concatenated DataFrame with reset index.</div><table><thead><tr><th>Assertion</th><th>Status</th><th>Score</th><th>Error</th></tr></thead><tbody><tr class='failed'><td>assert len(out)==2 and list(out[&#x27;x&#x27;])==[1,2]</td><td>failed</td><td>0</td><td>Traceback (most recent call last):
  File &quot;/Volumes/MacSSD/Areas/Github_Repositories/evaluator/.venv/lib/python3.13/site-packages/instantgrade/comparison/comparison_service.py&quot;, line 57, in run_assertions
    exec(code, student_namespace)
    ~~~~^^^^^^^^^^^^^^^^^^^^^^^^^
  File &quot;&lt;string&gt;&quot;, line 1, in &lt;module&gt;
TypeError: object of type &#x27;NoneType&#x27; has no len()
</td></tr></tbody></table></div><div class="question-block" data-qname="question_eleven"><div class="question-header">Question: question_eleven</div><div class="description">Return intersection of two lists as a set.</div><table><thead><tr><th>Assertion</th><th>Status</th><th>Score</th><th>Error</th></tr></thead><tbody><tr class='failed'><td>assert question_eleven([1,2,3],[2,3,4]) == {2,3}</td><td>failed</td><td>0</td><td>Traceback (most recent call last):
  File &quot;/Volumes/MacSSD/Areas/Github_Repositories/evaluator/.venv/lib/python3.13/site-packages/instantgrade/comparison/comparison_service.py&quot;, line 57, in run_assertions
    exec(code, student_namespace)
    ~~~~^^^^^^^^^^^^^^^^^^^^^^^^^
  File &quot;&lt;string&gt;&quot;, line 1, in &lt;module&gt;
AssertionError
</td></tr></tbody></table></div><div class="question-block" data-qname="question_fifteen"><div class="question-header">Question: question_fifteen</div><div class="description">Given a list, return a pandas Series of value_counts sorted by index.</div><table><thead><tr><th>Assertion</th><th>Status</th><th>Score</th><th>Error</th></tr></thead><tbody><tr class='failed'><td>assert isinstance(s, pd.Series)</td><td>failed</td><td>0</td><td>Traceback (most recent call last):
  File &quot;/Volumes/MacSSD/Areas/Github_Repositories/evaluator/.venv/lib/python3.13/site-packages/instantgrade/comparison/comparison_service.py&quot;, line 57, in run_assertions
    exec(code, student_namespace)
    ~~~~^^^^^^^^^^^^^^^^^^^^^^^^^
  File &quot;&lt;string&gt;&quot;, line 1, in &lt;module&gt;
AssertionError
</td></tr><tr class='failed'><td>assert s.loc[&#x27;a&#x27;] == 2 and s.loc[&#x27;b&#x27;] == 1</td><td>failed</td><td>0</td><td>Traceback (most recent call last):
  File &quot;/Volumes/MacSSD/Areas/Github_Repositories/evaluator/.venv/lib/python3.13/site-packages/instantgrade/comparison/comparison_service.py&quot;, line 57, in run_assertions
    exec(code, student_namespace)
    ~~~~^^^^^^^^^^^^^^^^^^^^^^^^^
  File &quot;&lt;string&gt;&quot;, line 1, in &lt;module&gt;
AttributeError: &#x27;NoneType&#x27; object has no attribute &#x27;loc&#x27;
</td></tr></tbody></table></div><div class="question-block" data-qname="question_five"><div class="question-header">Question: question_five</div><div class="description">Invert a dict mapping k-&gt;v into v-&gt;list_of_k.</div><table><thead><tr><th>Assertion</th><th>Status</th><th>Score</th><th>Error</th></tr></thead><tbody><tr class='failed'><td>assert question_five({&#x27;a&#x27;:1,&#x27;b&#x27;:2,&#x27;c&#x27;:1}) == {1:[&#x27;a&#x27;,&#x27;c&#x27;],2:[&#x27;b&#x27;]}</td><td>failed</td><td>0</td><td>Traceback (most recent call last):
  File &quot;/Volumes/MacSSD/Areas/Github_Repositories/evaluator/.venv/lib/python3.13/site-packages/instantgrade/comparison/comparison_service.py&quot;, line 57, in run_assertions
    exec(code, student_namespace)
    ~~~~^^^^^^^^^^^^^^^^^^^^^^^^^
  File &quot;&lt;string&gt;&quot;, line 1, in &lt;module&gt;
AssertionError
</td></tr></tbody></table></div><div class="question-block" data-qname="question_four"><div class="question-header">Question: question_four</div><div class="description">Flatten a list containing lists by one level.</div><table><thead><tr><th>Assertion</th><th>Status</th><th>Score</th><th>Error</th></tr></thead><tbody><tr class='failed'><td>assert question_four([[1,2],[3,4]]) == [1,2,3,4]</td><td>failed</td><td>0</td><td>Traceback (most recent call last):
  File &quot;/Volumes/MacSSD/Areas/Github_Repositories/evaluator/.venv/lib/python3.13/site-packages/instantgrade/comparison/comparison_service.py&quot;, line 57, in run_assertions
    exec(code, student_namespace)
    ~~~~^^^^^^^^^^^^^^^^^^^^^^^^^
  File &quot;&lt;string&gt;&quot;, line 1, in &lt;module&gt;
AssertionError
</td></tr><tr class='failed'><td>assert question_four([]) == []</td><td>failed</td><td>0</td><td>Traceback (most recent call last):
  File &quot;/Volumes/MacSSD/Areas/Github_Repositories/evaluator/.venv/lib/python3.13/site-packages/instantgrade/comparison/comparison_service.py&quot;, line 57, in run_assertions
    exec(code, student_namespace)
    ~~~~^^^^^^^^^^^^^^^^^^^^^^^^^
  File &quot;&lt;string&gt;&quot;, line 1, in &lt;module&gt;
AssertionError
</td></tr></tbody></table></div><div class="question-block" data-qname="question_fourteen"><div class="question-header">Question: question_fourteen</div><div class="description">Return only even numbers in original order.</div><table><thead><tr><th>Assertion</th><th>Status</th><th>Score</th><th>Error</th></tr></thead><tbody><tr class='failed'><td>assert question_fourteen([1,2,3,4]) == [2,4]</td><td>failed</td><td>0</td><td>Traceback (most recent call last):
  File &quot;/Volumes/MacSSD/Areas/Github_Repositories/evaluator/.venv/lib/python3.13/site-packages/instantgrade/comparison/comparison_service.py&quot;, line 57, in run_assertions
    exec(code, student_namespace)
    ~~~~^^^^^^^^^^^^^^^^^^^^^^^^^
  File &quot;&lt;string&gt;&quot;, line 1, in &lt;module&gt;
AssertionError
</td></tr></tbody></table></div><div class="question-block" data-qname="question_nine"><div class="question-header">Question: question_nine</div><div class="description">Join a list of words with given separator.</div><table><thead><tr><th>Assertion</th><th>Status</th><th>Score</th><th>Error</th></tr></thead><tbody><tr class='failed'><td>assert question_nine([&quot;a&quot;,&quot;b&quot;],&quot;-&quot;) == &quot;a-b&quot;</td><td>failed</td><td>0</td><td>Traceback (most recent call last):
  File &quot;/Volumes/MacSSD/Areas/Github_Repositories/evaluator/.venv/lib/python3.13/site-packages/instantgrade/comparison/comparison_service.py&quot;, line 57, in run_assertions
    exec(code, student_namespace)
    ~~~~^^^^^^^^^^^^^^^^^^^^^^^^^
  File &quot;&lt;string&gt;&quot;, line 1, in &lt;module&gt;
AssertionError
</td></tr><tr class='failed'><td>assert question_nine([]) == &quot;&quot;</td><td>failed</td><td>0</td><td>Traceback (most recent call last):
  File &quot;/Volumes/MacSSD/Areas/Github_Repositories/evaluator/.venv/lib/python3.13/site-packages/instantgrade/comparison/comparison_service.py&quot;, line 57, in run_assertions
    exec(code, student_namespace)
    ~~~~^^^^^^^^^^^^^^^^^^^^^^^^^
  File &quot;&lt;string&gt;&quot;, line 1, in &lt;module&gt;
AssertionError
</td></tr></tbody></table></div><div class="question-block" data-qname="question_nineteen"><div class="question-header">Question: question_nineteen</div><div class="description">Group by &#x27;key&#x27; and sum numeric column &#x27;val&#x27;. Return DataFrame sorted by key.</div><table><thead><tr><th>Assertion</th><th>Status</th><th>Score</th><th>Error</th></tr></thead><tbody><tr class='failed'><td>assert list(out[&#x27;val&#x27;])==[4,2] and list(out[&#x27;key&#x27;])==[&#x27;a&#x27;,&#x27;b&#x27;]</td><td>failed</td><td>0</td><td>Traceback (most recent call last):
  File &quot;/Volumes/MacSSD/Areas/Github_Repositories/evaluator/.venv/lib/python3.13/site-packages/instantgrade/comparison/comparison_service.py&quot;, line 57, in run_assertions
    exec(code, student_namespace)
    ~~~~^^^^^^^^^^^^^^^^^^^^^^^^^
  File &quot;&lt;string&gt;&quot;, line 1, in &lt;module&gt;
TypeError: &#x27;NoneType&#x27; object is not subscriptable
</td></tr></tbody></table></div><div class="question-block" data-qname="question_one"><div class="question-header">Question: question_one</div><div class="description">Return the sum of unique elements in a list (each element counted once).</div><table><thead><tr><th>Assertion</th><th>Status</th><th>Score</th><th>Error</th></tr></thead><tbody><tr class='failed'><td>assert question_one([1,2,2,3]) == 6</td><td>failed</td><td>0</td><td>Traceback (most recent call last):
  File &quot;/Volumes/MacSSD/Areas/Github_Repositories/evaluator/.venv/lib/python3.13/site-packages/instantgrade/comparison/comparison_service.py&quot;, line 57, in run_assertions
    exec(code, student_namespace)
    ~~~~^^^^^^^^^^^^^^^^^^^^^^^^^
  File &quot;&lt;string&gt;&quot;, line 1, in &lt;module&gt;
AssertionError
</td></tr><tr class='failed'><td>assert question_one([]) == 0</td><td>failed</td><td>0</td><td>Traceback (most recent call last):
  File &quot;/Volumes/MacSSD/Areas/Github_Repositories/evaluator/.venv/lib/python3.13/site-packages/instantgrade/comparison/comparison_service.py&quot;, line 57, in run_assertions
    exec(code, student_namespace)
    ~~~~^^^^^^^^^^^^^^^^^^^^^^^^^
  File &quot;&lt;string&gt;&quot;, line 1, in &lt;module&gt;
AssertionError
</td></tr></tbody></table></div><div class="question-block" data-qname="question_seven"><div class="question-header">Question: question_seven</div><div class="description">Return top k frequent elements (order not important).</div><table><thead><tr><th>Assertion</th><th>Status</th><th>Score</th><th>Error</th></tr></thead><tbody><tr class='failed'><td>[context setup]</td><td>failed</td><td>0</td><td>Traceback (most recent call last):
  File &quot;/Volumes/MacSSD/Areas/Github_Repositories/evaluator/.venv/lib/python3.13/site-packages/instantgrade/comparison/comparison_service.py&quot;, line 39, in run_assertions
    exec(context_code, student_namespace)
    ~~~~^^^^^^^^^^^^^^^^^^^^^^^^^^^^^^^^^
  File &quot;&lt;string&gt;&quot;, line 1, in &lt;module&gt;
TypeError: &#x27;NoneType&#x27; object is not iterable
</td></tr></tbody></table></div><div class="question-block" data-qname="question_seventeen"><div class="question-header">Question: question_seventeen</div><div class="description">Perform inner merge on &#x27;id&#x27; and return merged DataFrame.</div><table><thead><tr><th>Assertion</th><th>Status</th><th>Score</th><th>Error</th></tr></thead><tbody><tr class='failed'><td>assert list(out[&#x27;id&#x27;]) == [2]</td><td>failed</td><td>0</td><td>Traceback (most recent call last):
  File &quot;/Volumes/MacSSD/Areas/Github_Repositories/evaluator/.venv/lib/python3.13/site-packages/instantgrade/comparison/comparison_service.py&quot;, line 57, in run_assertions
    exec(code, student_namespace)
    ~~~~^^^^^^^^^^^^^^^^^^^^^^^^^
  File &quot;&lt;string&gt;&quot;, line 1, in &lt;module&gt;
TypeError: &#x27;NoneType&#x27; object is not subscriptable
</td></tr><tr class='failed'><td>assert out.iloc[0][&#x27;x&#x27;] == 20 and out.iloc[0][&#x27;y&#x27;] == 200</td><td>failed</td><td>0</td><td>Traceback (most recent call last):
  File &quot;/Volumes/MacSSD/Areas/Github_Repositories/evaluator/.venv/lib/python3.13/site-packages/instantgrade/comparison/comparison_service.py&quot;, line 57, in run_assertions
    exec(code, student_namespace)
    ~~~~^^^^^^^^^^^^^^^^^^^^^^^^^
  File &quot;&lt;string&gt;&quot;, line 1, in &lt;module&gt;
AttributeError: &#x27;NoneType&#x27; object has no attribute &#x27;iloc&#x27;
</td></tr></tbody></table></div><div class="question-block" data-qname="question_six"><div class="question-header">Question: question_six</div><div class="description">Given two dicts with numeric values, return merged dict summing values for same keys.</div><table><thead><tr><th>Assertion</th><th>Status</th><th>Score</th><th>Error</th></tr></thead><tbody><tr class='failed'><td>assert question_six({&#x27;x&#x27;:1,&#x27;y&#x27;:2},{&#x27;y&#x27;:3,&#x27;z&#x27;:4}) == {&#x27;x&#x27;:1,&#x27;y&#x27;:5,&#x27;z&#x27;:4}</td><td>failed</td><td>0</td><td>Traceback (most recent call last):
  File &quot;/Volumes/MacSSD/Areas/Github_Repositories/evaluator/.venv/lib/python3.13/site-packages/instantgrade/comparison/comparison_service.py&quot;, line 57, in run_assertions
    exec(code, student_namespace)
    ~~~~^^^^^^^^^^^^^^^^^^^^^^^^^
  File &quot;&lt;string&gt;&quot;, line 1, in &lt;module&gt;
AssertionError
</td></tr></tbody></table></div><div class="question-block" data-qname="question_sixteen"><div class="question-header">Question: question_sixteen</div><div class="description">Given DataFrame with column &#x27;name&#x27; = &#x27;First Last&#x27;, split into &#x27;first&#x27; and &#x27;last&#x27; columns.</div><table><thead><tr><th>Assertion</th><th>Status</th><th>Score</th><th>Error</th></tr></thead><tbody><tr class='failed'><td>assert list(out[&#x27;first&#x27;]) == [&#x27;John&#x27;,&#x27;Alice&#x27;]</td><td>failed</td><td>0</td><td>Traceback (most recent call last):
  File &quot;/Volumes/MacSSD/Areas/Github_Repositories/evaluator/.venv/lib/python3.13/site-packages/instantgrade/comparison/comparison_service.py&quot;, line 57, in run_assertions
    exec(code, student_namespace)
    ~~~~^^^^^^^^^^^^^^^^^^^^^^^^^
  File &quot;&lt;string&gt;&quot;, line 1, in &lt;module&gt;
TypeError: &#x27;NoneType&#x27; object is not subscriptable
</td></tr><tr class='failed'><td>assert list(out[&#x27;last&#x27;]) == [&#x27;Doe&#x27;,&#x27;Smith&#x27;]</td><td>failed</td><td>0</td><td>Traceback (most recent call last):
  File &quot;/Volumes/MacSSD/Areas/Github_Repositories/evaluator/.venv/lib/python3.13/site-packages/instantgrade/comparison/comparison_service.py&quot;, line 57, in run_assertions
    exec(code, student_namespace)
    ~~~~^^^^^^^^^^^^^^^^^^^^^^^^^
  File &quot;&lt;string&gt;&quot;, line 1, in &lt;module&gt;
TypeError: &#x27;NoneType&#x27; object is not subscriptable
</td></tr></tbody></table></div><div class="question-block" data-qname="question_ten"><div class="question-header">Question: question_ten</div><div class="description">Return length of the longest word in sentence.</div><table><thead><tr><th>Assertion</th><th>Status</th><th>Score</th><th>Error</th></tr></thead><tbody><tr class='failed'><td>assert question_ten(&quot;I love python&quot;) == 6</td><td>failed</td><td>0</td><td>Traceback (most recent call last):
  File &quot;/Volumes/MacSSD/Areas/Github_Repositories/evaluator/.venv/lib/python3.13/site-packages/instantgrade/comparison/comparison_service.py&quot;, line 57, in run_assertions
    exec(code, student_namespace)
    ~~~~^^^^^^^^^^^^^^^^^^^^^^^^^
  File &quot;&lt;string&gt;&quot;, line 1, in &lt;module&gt;
AssertionError
</td></tr><tr class='failed'><td>assert question_ten(&quot;&quot;) == 0</td><td>failed</td><td>0</td><td>Traceback (most recent call last):
  File &quot;/Volumes/MacSSD/Areas/Github_Repositories/evaluator/.venv/lib/python3.13/site-packages/instantgrade/comparison/comparison_service.py&quot;, line 57, in run_assertions
    exec(code, student_namespace)
    ~~~~^^^^^^^^^^^^^^^^^^^^^^^^^
  File &quot;&lt;string&gt;&quot;, line 1, in &lt;module&gt;
AssertionError
</td></tr></tbody></table></div><div class="question-block" data-qname="question_thirteen"><div class="question-header">Question: question_thirteen</div><div class="description">Return list of squares.</div><table><thead><tr><th>Assertion</th><th>Status</th><th>Score</th><th>Error</th></tr></thead><tbody><tr class='failed'><td>assert question_thirteen([1,2,3]) == [1,4,9]</td><td>failed</td><td>0</td><td>Traceback (most recent call last):
  File &quot;/Volumes/MacSSD/Areas/Github_Repositories/evaluator/.venv/lib/python3.13/site-packages/instantgrade/comparison/comparison_service.py&quot;, line 57, in run_assertions
    exec(code, student_namespace)
    ~~~~^^^^^^^^^^^^^^^^^^^^^^^^^
  File &quot;&lt;string&gt;&quot;, line 1, in &lt;module&gt;
AssertionError
</td></tr></tbody></table></div><div class="question-block" data-qname="question_three"><div class="question-header">Question: question_three</div><div class="description">Return a dict mapping element -&gt; count.</div><table><thead><tr><th>Assertion</th><th>Status</th><th>Score</th><th>Error</th></tr></thead><tbody><tr class='failed'><td>assert question_three([1,2,2,3]) == {1:1,2:2,3:1}</td><td>failed</td><td>0</td><td>Traceback (most recent call last):
  File &quot;/Volumes/MacSSD/Areas/Github_Repositories/evaluator/.venv/lib/python3.13/site-packages/instantgrade/comparison/comparison_service.py&quot;, line 57, in run_assertions
    exec(code, student_namespace)
    ~~~~^^^^^^^^^^^^^^^^^^^^^^^^^
  File &quot;&lt;string&gt;&quot;, line 1, in &lt;module&gt;
AssertionError
</td></tr><tr class='failed'><td>assert question_three([]) == {}</td><td>failed</td><td>0</td><td>Traceback (most recent call last):
  File &quot;/Volumes/MacSSD/Areas/Github_Repositories/evaluator/.venv/lib/python3.13/site-packages/instantgrade/comparison/comparison_service.py&quot;, line 57, in run_assertions
    exec(code, student_namespace)
    ~~~~^^^^^^^^^^^^^^^^^^^^^^^^^
  File &quot;&lt;string&gt;&quot;, line 1, in &lt;module&gt;
AssertionError
</td></tr></tbody></table></div><div class="question-block" data-qname="question_twelve"><div class="question-header">Question: question_twelve</div><div class="description">Remove duplicates preserving the first occurrence order.</div><table><thead><tr><th>Assertion</th><th>Status</th><th>Score</th><th>Error</th></tr></thead><tbody><tr class='failed'><td>assert question_twelve([1,2,2,3,1]) == [1,2,3]</td><td>failed</td><td>0</td><td>Traceback (most recent call last):
  File &quot;/Volumes/MacSSD/Areas/Github_Repositories/evaluator/.venv/lib/python3.13/site-packages/instantgrade/comparison/comparison_service.py&quot;, line 57, in run_assertions
    exec(code, student_namespace)
    ~~~~^^^^^^^^^^^^^^^^^^^^^^^^^
  File &quot;&lt;string&gt;&quot;, line 1, in &lt;module&gt;
AssertionError
</td></tr></tbody></table></div><div class="question-block" data-qname="question_twenty"><div class="question-header">Question: question_twenty</div><div class="description">Fill NA in numeric column &#x27;num&#x27; with given fill_value and return DataFrame.</div><table><thead><tr><th>Assertion</th><th>Status</th><th>Score</th><th>Error</th></tr></thead><tbody><tr class='failed'><td>assert list(out[&#x27;num&#x27;])==[1,9,3]</td><td>failed</td><td>0</td><td>Traceback (most recent call last):
  File &quot;/Volumes/MacSSD/Areas/Github_Repositories/evaluator/.venv/lib/python3.13/site-packages/instantgrade/comparison/comparison_service.py&quot;, line 57, in run_assertions
    exec(code, student_namespace)
    ~~~~^^^^^^^^^^^^^^^^^^^^^^^^^
  File &quot;&lt;string&gt;&quot;, line 1, in &lt;module&gt;
TypeError: &#x27;NoneType&#x27; object is not subscriptable
</td></tr></tbody></table></div><div class="question-block" data-qname="question_two"><div class="question-header">Question: question_two</div><div class="description">Return a new list that is the reverse of input list.</div><table><thead><tr><th>Assertion</th><th>Status</th><th>Score</th><th>Error</th></tr></thead><tbody><tr class='failed'><td>assert question_two([1,2,3]) == [3,2,1]</td><td>failed</td><td>0</td><td>Traceback (most recent call last):
  File &quot;/Volumes/MacSSD/Areas/Github_Repositories/evaluator/.venv/lib/python3.13/site-packages/instantgrade/comparison/comparison_service.py&quot;, line 57, in run_assertions
    exec(code, student_namespace)
    ~~~~^^^^^^^^^^^^^^^^^^^^^^^^^
  File &quot;&lt;string&gt;&quot;, line 1, in &lt;module&gt;
AssertionError
</td></tr><tr class='failed'><td>assert question_two([]) == []</td><td>failed</td><td>0</td><td>Traceback (most recent call last):
  File &quot;/Volumes/MacSSD/Areas/Github_Repositories/evaluator/.venv/lib/python3.13/site-packages/instantgrade/comparison/comparison_service.py&quot;, line 57, in run_assertions
    exec(code, student_namespace)
    ~~~~^^^^^^^^^^^^^^^^^^^^^^^^^
  File &quot;&lt;string&gt;&quot;, line 1, in &lt;module&gt;
AssertionError
</td></tr></tbody></table></div></div></div>
        <div id="overlay" onclick="closeSummary()"></div>
        <div id="summaryModal">
            <span class="close-btn" onclick="closeSummary()">✖</span>
            <h3>Student Summary</h3>
            <table>
                <thead><tr>
                  <th>Student</th>
                  <th>Roll Number</th>
                  <th>File</th>
                  <th>Total Marks</th>
                  <th>Out of</th>
                  <th>Percentage</th>
                </tr></thead>
                <tbody>
        <tr><td>Perfection</td><td>007</td><td>sample_solutions.ipynb</td><td>29</td><td>29</td><td>100.0%</td></tr><tr><td>perfect but zero</td><td>000 7 0000</td><td>student_assignment_partial_incorrect.ipynb</td><td>5</td><td>27</td><td>18.52%</td></tr><tr><td>Zero guy</td><td>0000</td><td>student_answer_sheet.ipynb</td><td>0</td><td>30</td><td>0.0%</td></tr><tr><td>student name</td><td>student roll number</td><td>student_notebook.ipynb</td><td>0</td><td>30</td><td>0.0%</td></tr></tbody></table></div></body></html>